Logfile for bbregister
Sat Dec 11 01:22:39 UTC 2021

setenv SUBJECTS_DIR /mnt/datasets/datalad/crawl-misc/hbn-ls/HBN_BIDS-fmriprep_try1/sourcedata/freesurfer
cd /mnt/datasets/datalad/crawl-misc/hbn-ls/HBN_BIDS-fmriprep_try1/sourcedata/freesurfer/sub-NDARAG610XL4/scripts
/opt/freesurfer/bin/bbregister --s sub-NDARAG610XL4 --mov /mnt/datasets/datalad/crawl-misc/hbn-ls/HBN_BIDS-fmriprep_try1/sourcedata/freesurfer/sub-NDARAG610XL4/mri/orig/T2raw.mgz --lta /mnt/datasets/datalad/crawl-misc/hbn-ls/HBN_BIDS-fmriprep_try1/sourcedata/freesurfer/sub-NDARAG610XL4/mri/transforms/T2raw.auto.lta --init-coreg --T2

$Id: bbregister,v 1.75 2016/05/10 20:02:28 greve Exp $
Linux smaug 5.10.0-0.bpo.3-amd64 #1 SMP Debian 5.10.13-1~bpo10+1 (2021-02-11) x86_64 x86_64 x86_64 GNU/Linux
FREESURFER_HOME /opt/freesurfer
mri_convert /mnt/datasets/datalad/crawl-misc/hbn-ls/HBN_BIDS-fmriprep_try1/sourcedata/freesurfer/sub-NDARAG610XL4/mri/orig/T2raw.mgz /mnt/datasets/datalad/crawl-misc/hbn-ls/HBN_BIDS-fmriprep_try1/sourcedata/freesurfer/sub-NDARAG610XL4/mri/transforms/tmp.bbregister.22032/template.nii
mri_convert.bin /mnt/datasets/datalad/crawl-misc/hbn-ls/HBN_BIDS-fmriprep_try1/sourcedata/freesurfer/sub-NDARAG610XL4/mri/orig/T2raw.mgz /mnt/datasets/datalad/crawl-misc/hbn-ls/HBN_BIDS-fmriprep_try1/sourcedata/freesurfer/sub-NDARAG610XL4/mri/transforms/tmp.bbregister.22032/template.nii 
$Id: mri_convert.c,v 1.226 2016/02/26 16:15:24 mreuter Exp $
reading from /mnt/datasets/datalad/crawl-misc/hbn-ls/HBN_BIDS-fmriprep_try1/sourcedata/freesurfer/sub-NDARAG610XL4/mri/orig/T2raw.mgz...
TR=0.00, TE=0.00, TI=0.00, flip angle=0.00
i_ras = (-1, -0, 0)
j_ras = (-0, 1, 0)
k_ras = (-0, -0, 1)
writing to /mnt/datasets/datalad/crawl-misc/hbn-ls/HBN_BIDS-fmriprep_try1/sourcedata/freesurfer/sub-NDARAG610XL4/mri/transforms/tmp.bbregister.22032/template.nii...
mri_coreg --s sub-NDARAG610XL4 --mov /mnt/datasets/datalad/crawl-misc/hbn-ls/HBN_BIDS-fmriprep_try1/sourcedata/freesurfer/sub-NDARAG610XL4/mri/transforms/tmp.bbregister.22032/template.nii --regdat /mnt/datasets/datalad/crawl-misc/hbn-ls/HBN_BIDS-fmriprep_try1/sourcedata/freesurfer/sub-NDARAG610XL4/mri/transforms/tmp.bbregister.22032/reg.init.dat --reg /mnt/datasets/datalad/crawl-misc/hbn-ls/HBN_BIDS-fmriprep_try1/sourcedata/freesurfer/sub-NDARAG610XL4/mri/transforms/tmp.bbregister.22032/mri_coreg.lta --nthreads 4 --dof 6 --sep 4 --ftol .0001 --linmintol .01 --no-ref-mask

$Id: mri_coreg.c,v 1.27 2016/04/30 15:11:49 greve Exp $
cwd /mnt/datasets/datalad/crawl-misc/hbn-ls/HBN_BIDS-fmriprep_try1/sourcedata/freesurfer/sub-NDARAG610XL4/scripts
cmdline mri_coreg --s sub-NDARAG610XL4 --mov /mnt/datasets/datalad/crawl-misc/hbn-ls/HBN_BIDS-fmriprep_try1/sourcedata/freesurfer/sub-NDARAG610XL4/mri/transforms/tmp.bbregister.22032/template.nii --regdat /mnt/datasets/datalad/crawl-misc/hbn-ls/HBN_BIDS-fmriprep_try1/sourcedata/freesurfer/sub-NDARAG610XL4/mri/transforms/tmp.bbregister.22032/reg.init.dat --reg /mnt/datasets/datalad/crawl-misc/hbn-ls/HBN_BIDS-fmriprep_try1/sourcedata/freesurfer/sub-NDARAG610XL4/mri/transforms/tmp.bbregister.22032/mri_coreg.lta --nthreads 4 --dof 6 --sep 4 --ftol .0001 --linmintol .01 --no-ref-mask 
sysname  Linux
hostname smaug
machine  x86_64
user     yoh
dof    6
nsep    1
cras0    1
ftol    0.000100
linmintol    0.010000
bf       1
bflim    30.000000
bfnsamp    30
SmoothRef 0
SatPct    99.990000
MovOOB 0
optschema 1
Reading in mov /mnt/datasets/datalad/crawl-misc/hbn-ls/HBN_BIDS-fmriprep_try1/sourcedata/freesurfer/sub-NDARAG610XL4/mri/transforms/tmp.bbregister.22032/template.nii
Reading in ref /mnt/datasets/datalad/crawl-misc/hbn-ls/HBN_BIDS-fmriprep_try1/sourcedata/freesurfer/sub-NDARAG610XL4/mri/brainmask.mgz
Setting cras translation parameters to align centers
Creating random numbers for coordinate dithering
Performing intensity dithering
Initial parameters -1.0000  0.0000 -1.0000  0.0000  0.0000  0.0000  1.0000  1.0000  1.0000  0.0000  0.0000  0.0000 
Separation list (1):  4   min = 4
DoSmoothing 1
DoCoordDither 1
DoIntensityDither 1
nitersmax 4
ftol 1.000e-04
linmintol 1.000e-02
SatPct 99.990000
Hist FWHM 7.000000 7.000000
nthreads 4
movsat = 257.0000
mov gstd 1.8914 1.8914 1.8914
Smoothing mov
refsat = 125.0000
ref gstd 1.8914 1.8914 1.8914
Smoothing ref
COREGpreproc() done
Testing if mov and target overlap
Init cost   -1.0345997348
nhits = 178420 out of 16777216, Percent Overlap:  68.1
Initial  RefRAS-to-MovRAS
 1.00000   0.00000   0.00000  -0.99998;
 0.00000   1.00000   0.00000   0.00000;
 0.00000   0.00000   1.00000  -1.00000;
 0.00000   0.00000   0.00000   1.00000;
Initial  RefVox-to-MovVox
 1.00000   0.00000   0.00000  -39.99964;
 0.00000   0.00000   1.00000  -0.00001;
 0.00000  -1.00000   0.00000   255.00000;
 0.00000   0.00000   0.00000   1.00000;
sep = 4 -----------------------------------
COREGoptBruteForce() 30 1 30
Turning on MovOOB for BruteForce Search
#BF# sep= 4 iter=0 lim=30.0 delta=2.00  -2.99998  -4.00000  11.00000  -2.00000  -4.00000   2.00000   -1.0351052
Turning  MovOOB back off after brute force search


---------------------------------
Init Powel Params dof = 6
Starting OpenPowel2(), sep = 4
InitialCost        -1.0424420834 
#@#  4  188  -2.99998 -4.00000 11.00000 -2.00000 -4.00000 2.00000   -1.0424421
fs_powell::minimize
  nparams 6
  maxfev 4
  ftol   0.000100
  linmin_xtol_   0.010000
  powell nthiter 0: fret = -1.042442
#@#  4  194  -2.61802 -4.00000 11.00000 -2.00000 -4.00000 2.00000   -1.0424510
#@#  4  198  -2.60802 -4.00000 11.00000 -2.00000 -4.00000 2.00000   -1.0424516
#@#  4  202  -2.60802 -3.00000 11.00000 -2.00000 -4.00000 2.00000   -1.0425432
#@#  4  203  -2.60802 -1.38197 11.00000 -2.00000 -4.00000 2.00000   -1.0425776
#@#  4  204  -2.60802 -1.79429 11.00000 -2.00000 -4.00000 2.00000   -1.0425813
#@#  4  206  -2.60802 -2.25483 11.00000 -2.00000 -4.00000 2.00000   -1.0425835
#@#  4  209  -2.60802 -2.16925 11.00000 -2.00000 -4.00000 2.00000   -1.0425844
#@#  4  210  -2.60802 -2.17925 11.00000 -2.00000 -4.00000 2.00000   -1.0425845
#@#  4  211  -2.60802 -2.20812 11.00000 -2.00000 -4.00000 2.00000   -1.0425847
#@#  4  220  -2.60802 -2.20812 10.71399 -2.00000 -4.00000 2.00000   -1.0425949
#@#  4  221  -2.60802 -2.20812 10.72399 -2.00000 -4.00000 2.00000   -1.0425955
#@#  4  232  -2.60802 -2.20812 10.72399 -2.05782 -4.00000 2.00000   -1.0425962
#@#  4  240  -2.60802 -2.20812 10.72399 -2.05782 -3.61803 2.00000   -1.0425985
#@#  4  241  -2.60802 -2.20812 10.72399 -2.05782 -3.74856 2.00000   -1.0425991
#@#  4  244  -2.60802 -2.20812 10.72399 -2.05782 -3.79294 2.00000   -1.0425993
#@#  4  248  -2.60802 -2.20812 10.72399 -2.05782 -3.79294 3.00000   -1.0426310
#@#  4  253  -2.60802 -2.20812 10.72399 -2.05782 -3.79294 3.30498   -1.0426348
#@#  4  254  -2.60802 -2.20812 10.72399 -2.05782 -3.79294 3.31498   -1.0426357
#@#  4  257  -2.60802 -2.20812 10.72399 -2.05782 -3.79294 3.33770   -1.0426368
#@#  4  260  -2.21605 -0.41624 10.44798 -2.11564 -3.58588 4.67540   -1.0427094
  powell nthiter 1: fret = -1.042709
#@#  4  272  -1.21605 -0.41624 10.44798 -2.11564 -3.58588 4.67540   -1.0429282
#@#  4  275  -0.59802 -0.41624 10.44798 -2.11564 -3.58588 4.67540   -1.0429643
#@#  4  303  -0.59802 -0.41624 10.45798 -1.11564 -3.58588 4.67540   -1.0429655
#@#  4  307  -0.59802 -0.41624 10.45798 -1.49760 -3.58588 4.67540   -1.0429773
#@#  4  313  -0.59802 -0.41624 10.45798 -1.51890 -2.58588 4.67540   -1.0430059
#@#  4  319  -0.59802 -0.41624 10.45798 -1.51890 -2.63500 4.67540   -1.0430064
#@#  4  321  -0.59802 -0.41624 10.45798 -1.51890 -2.68356 4.67540   -1.0430069
#@#  4  330  -0.44830 0.26820 10.35256 -1.54098 -2.60447 5.18635   -1.0430710
#@#  4  332  -0.41307 0.42927 10.32775 -1.54618 -2.58586 5.30660   -1.0430720
#@#  4  335  -0.39133 0.52864 10.31244 -1.54938 -2.57437 5.38078   -1.0430737
  powell nthiter 2: fret = -1.043074
#@#  4  346  -0.00936 0.52864 10.31244 -1.54938 -2.57437 5.38078   -1.0430816
#@#  4  347  -0.11741 0.52864 10.31244 -1.54938 -2.57437 5.38078   -1.0430827
#@#  4  348  -0.10741 0.52864 10.31244 -1.54938 -2.57437 5.38078   -1.0430831
#@#  4  357  -0.10741 0.52864 10.31244 -1.54938 -2.57437 5.17320   -1.0430853
#@#  4  359  -0.10741 0.52864 10.31244 -1.54938 -2.57437 5.19527   -1.0430855
#@#  4  361  -0.10741 0.52864 10.31244 -1.54938 -2.57437 5.22233   -1.0430856
#@#  4  362  -0.10741 0.52864 10.31244 -1.54938 -2.57437 5.21233   -1.0430857
#@#  4  369  -0.10741 0.52864 10.23051 -1.54938 -2.57437 5.21233   -1.0430869
#@#  4  370  -0.10741 0.52864 10.22051 -1.54938 -2.57437 5.21233   -1.0430871
#@#  4  381  -0.10741 0.52864 10.20239 -1.16742 -2.57437 5.21233   -1.0430884
#@#  4  382  -0.10741 0.52864 10.20239 -1.33931 -2.57437 5.21233   -1.0430892
#@#  4  385  -0.10741 0.52864 10.20239 -1.37943 -2.57437 5.21233   -1.0430894
#@#  4  386  -0.10741 0.52864 10.20239 -1.38943 -2.57437 5.21233   -1.0430895
#@#  4  393  -0.10741 0.52864 10.20239 -1.38943 -2.19241 5.21233   -1.0430903
#@#  4  394  -0.10741 0.52864 10.20239 -1.38943 -2.35829 5.21233   -1.0430918
#@#  4  395  -0.10741 0.52864 10.20239 -1.38943 -2.36829 5.21233   -1.0430920
#@#  4  409  -0.12322 0.45639 10.21351 -1.38710 -2.37664 5.15840   -1.0430921
Powell done niters total = 2
OptTimeSec 10.1 sec
OptTimeMin  0.17 min
nEvals 410
Final parameters  -0.12723891   0.43801615  10.21634579  -1.38650739  -2.37876725   5.14467716 
Final cost   -1.043092092713949
 

---------------------------------
mri_coreg utimesec    103.792283
mri_coreg stimesec    0.619428
mri_coreg ru_maxrss   434976
mri_coreg ru_ixrss    0
mri_coreg ru_idrss    0
mri_coreg ru_isrss    0
mri_coreg ru_minflt   580401
mri_coreg ru_majflt   25
mri_coreg ru_nswap    0
mri_coreg ru_inblock  3298
mri_coreg ru_oublock  48
mri_coreg ru_msgsnd   0
mri_coreg ru_msgrcv   0
mri_coreg ru_nsignals 0
mri_coreg ru_nvcsw    3001
mri_coreg ru_nivcsw   9869
Final  RefRAS-to-MovRAS
 0.99511   0.08959  -0.04151  -0.12724;
-0.09064   0.99559  -0.02418   0.43802;
 0.03916   0.02782   0.99885   10.21635;
 0.00000   0.00000   0.00000   1.00000;
Final  RefVox-to-MovVox
 0.99511  -0.04151  -0.08959  -23.96762;
 0.09064   0.02418   0.99559  -13.90156;
-0.03916  -0.99885   0.02782   267.75693;
 0.00000   0.00000   0.00000   1.00000;
Final parameters -0.1272  0.4380 10.2163 -1.3865 -2.3788  5.1447 
nhits = 168390 out of 16777216, Percent Overlap:  64.2
mri_coreg RunTimeSec 44.8 sec
To check run:
   tkregisterfv --mov /mnt/datasets/datalad/crawl-misc/hbn-ls/HBN_BIDS-fmriprep_try1/sourcedata/freesurfer/sub-NDARAG610XL4/mri/transforms/tmp.bbregister.22032/template.nii --targ /mnt/datasets/datalad/crawl-misc/hbn-ls/HBN_BIDS-fmriprep_try1/sourcedata/freesurfer/sub-NDARAG610XL4/mri/brainmask.mgz --reg /mnt/datasets/datalad/crawl-misc/hbn-ls/HBN_BIDS-fmriprep_try1/sourcedata/freesurfer/sub-NDARAG610XL4/mri/transforms/tmp.bbregister.22032/mri_coreg.lta --s sub-NDARAG610XL4 --surfs 

mri_coreg done

mri_segreg --mov /mnt/datasets/datalad/crawl-misc/hbn-ls/HBN_BIDS-fmriprep_try1/sourcedata/freesurfer/sub-NDARAG610XL4/mri/transforms/tmp.bbregister.22032/template.nii --init-reg /mnt/datasets/datalad/crawl-misc/hbn-ls/HBN_BIDS-fmriprep_try1/sourcedata/freesurfer/sub-NDARAG610XL4/mri/transforms/tmp.bbregister.22032/reg.init.dat --out-reg /mnt/datasets/datalad/crawl-misc/hbn-ls/HBN_BIDS-fmriprep_try1/sourcedata/freesurfer/sub-NDARAG610XL4/mri/transforms/tmp.bbregister.22032/bbr.pass1.dat --subsamp-brute 100 --subsamp 100 --tol 1e-4 --tol1d 1e-3 --brute -4 4 4 --surf white --gm-proj-frac 0.5 --gm-gt-wm 0.5
$Id: mri_segreg.c,v 1.113 2016/05/10 03:23:20 greve Exp $
setenv SUBJECTS_DIR /mnt/datasets/datalad/crawl-misc/hbn-ls/HBN_BIDS-fmriprep_try1/sourcedata/freesurfer
cd /mnt/datasets/datalad/crawl-misc/hbn-ls/HBN_BIDS-fmriprep_try1/sourcedata/freesurfer/sub-NDARAG610XL4/scripts
mri_segreg --mov /mnt/datasets/datalad/crawl-misc/hbn-ls/HBN_BIDS-fmriprep_try1/sourcedata/freesurfer/sub-NDARAG610XL4/mri/transforms/tmp.bbregister.22032/template.nii --init-reg /mnt/datasets/datalad/crawl-misc/hbn-ls/HBN_BIDS-fmriprep_try1/sourcedata/freesurfer/sub-NDARAG610XL4/mri/transforms/tmp.bbregister.22032/reg.init.dat --out-reg /mnt/datasets/datalad/crawl-misc/hbn-ls/HBN_BIDS-fmriprep_try1/sourcedata/freesurfer/sub-NDARAG610XL4/mri/transforms/tmp.bbregister.22032/bbr.pass1.dat --subsamp-brute 100 --subsamp 100 --tol 1e-4 --tol1d 1e-3 --brute -4 4 4 --surf white --gm-proj-frac 0.5 --gm-gt-wm 0.5 
sysname  Linux
hostname smaug
machine  x86_64
user     yoh
movvol /mnt/datasets/datalad/crawl-misc/hbn-ls/HBN_BIDS-fmriprep_try1/sourcedata/freesurfer/sub-NDARAG610XL4/mri/transforms/tmp.bbregister.22032/template.nii
regfile /mnt/datasets/datalad/crawl-misc/hbn-ls/HBN_BIDS-fmriprep_try1/sourcedata/freesurfer/sub-NDARAG610XL4/mri/transforms/tmp.bbregister.22032/reg.init.dat
subject sub-NDARAG610XL4
dof 6
outregfile /mnt/datasets/datalad/crawl-misc/hbn-ls/HBN_BIDS-fmriprep_try1/sourcedata/freesurfer/sub-NDARAG610XL4/mri/transforms/tmp.bbregister.22032/bbr.pass1.dat
UseMask 0
UseLH 1
UseRH 1
nsubsamp 100
PenaltySign  -1
PenaltySlope 0.500000
PenaltyCenter 0.000000
surfname white
GMProjFrac 0.500000
WMProjAbs 2.000000
lhcostfile (null)
rhcostfile (null)
interp  trilinear (1)
frame  0
TolPowell 0.000100
nMaxItersPowell 36
n1dmin  3
Profile   0
Gdiag_no  -1
AddNoise  0 (0)
SynthSeed 1640176304
TransRandMax 0.000000
RotRandMax 0.000000
Translations 0.000000 0.000000 0.000000
Rotations   0.000000 0.000000 0.000000
Input reg
 0.99511   0.08959  -0.04151   1.37412;
 0.03916   0.02782   0.99885   10.45358;
 0.09064  -0.99559   0.02418  -0.23103;
 0.00000   0.00000   0.00000   1.00000;

Loading mov
Projecting LH Surfs
Loading lh.white surf
Loading lh.thickness for GM
GM Proj: 1 0.500000 2.000000
WM Proj: 0 0.500000 2.000000
Projecting RH Surfs
Loading rh.white surf
Loading rh.thickness for GM
Projecting RH Surfs
Using lh.cortex.label
Using rh.cortex.label
Computing relative cost
 0  -25.0 -25.0 -25.0   1.035521
 1  -25.0 -25.0  25.0   0.997414
 2  -25.0  25.0 -25.0   1.028439
 3  -25.0  25.0  25.0   1.037026
 4   25.0 -25.0 -25.0   1.039639
 5   25.0 -25.0  25.0   0.972574
 6   25.0  25.0 -25.0   0.998599
 7   25.0  25.0  25.0   1.004543
REL:  8  0.706610    8.113755  1.014219 rel = 0.696703 
Initial costs ----------------
Number of surface hits 2365
WM  Intensity   108.7540 +/-  28.0711
Ctx Intensity   117.8377 +/-  29.5447
Pct Contrast      8.0002 +/-  23.3724
Cost   0.7066
RelCost   0.6967

------------------------------------
Brute force preopt -4 4 4, n = 729
     0  -4.0000  -4.0000  -4.0000  -4.0000  -4.0000  -4.0000      1.0228   1.0228  0.0
     1  -4.0000  -4.0000  -4.0000  -4.0000  -4.0000   0.0000      0.9993   0.9993  0.0
     2  -4.0000  -4.0000  -4.0000  -4.0000  -4.0000   4.0000      0.9900   0.9900  0.0
     5  -4.0000  -4.0000  -4.0000  -4.0000   0.0000   4.0000      0.9797   0.9797  0.0
     6  -4.0000  -4.0000  -4.0000  -4.0000   4.0000  -4.0000      0.9712   0.9712  0.0
     7  -4.0000  -4.0000  -4.0000  -4.0000   4.0000   0.0000      0.9598   0.9598  0.0
    11  -4.0000  -4.0000  -4.0000   0.0000  -4.0000   4.0000      0.9242   0.9242  0.0
    15  -4.0000  -4.0000  -4.0000   0.0000   4.0000  -4.0000      0.9080   0.9080  0.0
    30  -4.0000  -4.0000   0.0000  -4.0000   0.0000  -4.0000      0.9021   0.9021  0.0
    39  -4.0000  -4.0000   0.0000   0.0000   0.0000  -4.0000      0.8772   0.8772  0.0
   259   0.0000  -4.0000  -4.0000   0.0000   4.0000   0.0000      0.8674   0.8674  0.0
   268   0.0000  -4.0000  -4.0000   4.0000   4.0000   0.0000      0.8555   0.8555  0.0
   274   0.0000  -4.0000   0.0000  -4.0000   0.0000   0.0000      0.7534   0.7534  0.0
   283   0.0000  -4.0000   0.0000   0.0000   0.0000   0.0000      0.7253   0.7253  0.0
   364   0.0000   0.0000   0.0000   0.0000   0.0000   0.0000      0.7066   0.7066  0.0
Brute Force --------------------------
Min cost was 0.706610
Number of iterations   729
Search time 0.803000 sec
Parameters at best (transmm, rotdeg)
  0.000   0.000   0.000  0.000  0.000  0.000 
--------------------------------------------

Starting Powell Minimization
Init Powel Params dof = 6
0 0
1 0
2 0
3 0
4 0
5 0
fs_powell::minimize
  nparams 6
  maxfev 36
  ftol   0.000100
  linmin_xtol_   0.001000
  powell nthiter 0: fret = 0.706610
   7 -0.192  0.000  0.000  0.000  0.000  0.000   0.6969665141
  12 -0.188  0.000  0.000  0.000  0.000  0.000   0.6969502962
  18 -0.188 -1.618  0.000  0.000  0.000  0.000   0.5153727514
  23 -0.188 -1.956  0.000  0.000  0.000  0.000   0.5131433213
  24 -0.188 -1.864  0.000  0.000  0.000  0.000   0.5102785741
  25 -0.188 -1.808  0.000  0.000  0.000  0.000   0.5093445210
  26 -0.188 -1.736  0.000  0.000  0.000  0.000   0.5077566866
  29 -0.188 -1.723  0.000  0.000  0.000  0.000   0.5076117296
  31 -0.188 -1.719  0.000  0.000  0.000  0.000   0.5076082294
  40 -0.188 -1.719 -0.170  0.000  0.000  0.000   0.5015096784
  42 -0.188 -1.719 -0.148  0.000  0.000  0.000   0.5011836639
  44 -0.188 -1.719 -0.142  0.000  0.000  0.000   0.5011450318
  46 -0.188 -1.719 -0.139  0.000  0.000  0.000   0.5011346466
  47 -0.188 -1.719 -0.138  0.000  0.000  0.000   0.5011340619
  56 -0.188 -1.719 -0.138 -0.059  0.000  0.000   0.4997642299
  58 -0.188 -1.719 -0.138 -0.066  0.000  0.000   0.4997574790
  59 -0.188 -1.719 -0.138 -0.065  0.000  0.000   0.4997570289
  66 -0.188 -1.719 -0.138 -0.065  0.382  0.000   0.4953308902
  68 -0.188 -1.719 -0.138 -0.065  0.618  0.000   0.4922436637
  70 -0.188 -1.719 -0.138 -0.065  0.528  0.000   0.4910163619
  71 -0.188 -1.719 -0.138 -0.065  0.536  0.000   0.4909869257
  72 -0.188 -1.719 -0.138 -0.065  0.541  0.000   0.4909774122
  75 -0.188 -1.719 -0.138 -0.065  0.542  0.000   0.4909767962
  82 -0.188 -1.719 -0.138 -0.065  0.542  0.382   0.4886574014
  83 -0.188 -1.719 -0.138 -0.065  0.542  0.234   0.4861522233
  84 -0.188 -1.719 -0.138 -0.065  0.542  0.222   0.4859447038
  85 -0.188 -1.719 -0.138 -0.065  0.542  0.137   0.4849123366
  89 -0.188 -1.719 -0.138 -0.065  0.542  0.142   0.4849106093
  90 -0.188 -1.719 -0.138 -0.065  0.542  0.140   0.4849078599
  91 -0.188 -1.719 -0.138 -0.065  0.542  0.139   0.4849071237
  99 -0.221 -2.023 -0.162 -0.076  0.638  0.163   0.4752858537
 100 -0.222 -2.031 -0.163 -0.076  0.640  0.164   0.4748334971
 101 -0.236 -2.163 -0.173 -0.081  0.682  0.175   0.4701087359
 103 -0.233 -2.132 -0.171 -0.080  0.672  0.172   0.4694840976
 105 -0.233 -2.135 -0.171 -0.080  0.673  0.172   0.4694829743
  powell nthiter 1: fret = 0.469483
 117 -0.252 -2.135 -0.171 -0.080  0.673  0.172   0.4691155496
 118 -0.259 -2.135 -0.171 -0.080  0.673  0.172   0.4691056516
 119 -0.257 -2.135 -0.171 -0.080  0.673  0.172   0.4691033416
 128 -0.257 -2.135 -0.171 -0.080  0.673  0.177   0.4690992639
 130 -0.257 -2.135 -0.171 -0.080  0.673  0.176   0.4690989174
 139 -0.257 -2.135 -0.205 -0.080  0.673  0.176   0.4683428741
 141 -0.257 -2.135 -0.204 -0.080  0.673  0.176   0.4683422725
 156 -0.257 -2.135 -0.204 -0.075  0.673  0.176   0.4683143049
 157 -0.257 -2.135 -0.204 -0.072  0.673  0.176   0.4683137713
 159 -0.257 -2.135 -0.204 -0.073  0.673  0.176   0.4683120083
 168 -0.257 -2.135 -0.204 -0.073  0.741  0.176   0.4678682635
 169 -0.257 -2.135 -0.204 -0.073  0.718  0.176   0.4677546365
 170 -0.257 -2.135 -0.204 -0.073  0.720  0.176   0.4677538906
 171 -0.257 -2.135 -0.204 -0.073  0.721  0.176   0.4677505581
 173 -0.257 -2.135 -0.204 -0.073  0.724  0.176   0.4677481897
 174 -0.257 -2.135 -0.204 -0.073  0.723  0.176   0.4677467848
 183 -0.256 -2.130 -0.204 -0.073  0.721  0.175   0.4677308899
  powell nthiter 2: fret = 0.467731
 195 -0.324 -2.130 -0.204 -0.073  0.721  0.175   0.4674609632
 196 -0.308 -2.130 -0.204 -0.073  0.721  0.175   0.4671097067
 197 -0.294 -2.130 -0.204 -0.073  0.721  0.175   0.4669164906
 199 -0.287 -2.130 -0.204 -0.073  0.721  0.175   0.4668775152
 200 -0.286 -2.130 -0.204 -0.073  0.721  0.175   0.4668771293
 211 -0.286 -2.130 -0.204 -0.073  0.721  0.160   0.4668610296
 212 -0.286 -2.130 -0.204 -0.073  0.721  0.167   0.4668364711
 213 -0.286 -2.130 -0.204 -0.073  0.721  0.168   0.4668361231
 223 -0.286 -2.130 -0.219 -0.073  0.721  0.168   0.4667248075
 224 -0.286 -2.130 -0.216 -0.073  0.721  0.168   0.4667179559
 238 -0.286 -2.130 -0.216 -0.066  0.721  0.168   0.4666889902
 240 -0.286 -2.130 -0.216 -0.067  0.721  0.168   0.4666885580
 249 -0.286 -2.130 -0.216 -0.067  0.758  0.168   0.4666265884
 250 -0.286 -2.130 -0.216 -0.067  0.743  0.168   0.4665390797
 261 -0.285 -2.121 -0.215 -0.066  0.740  0.167   0.4664769363
 270 -0.297 -2.117 -0.220 -0.064  0.747  0.164   0.4663204766
 271 -0.300 -2.116 -0.221 -0.063  0.750  0.163   0.4663153868
 272 -0.299 -2.116 -0.221 -0.063  0.749  0.163   0.4663147183
 275 -0.299 -2.116 -0.221 -0.063  0.749  0.163   0.4663147052
 276 -0.299 -2.116 -0.221 -0.063  0.749  0.163   0.4663145299
 278 -0.299 -2.116 -0.221 -0.063  0.749  0.163   0.4663144828
  powell nthiter 3: fret = 0.466314
 288 -0.299 -2.114 -0.221 -0.063  0.748  0.163   0.4663120046
 298 -0.299 -2.114 -0.221 -0.063  0.748  0.155   0.4663098154
 299 -0.299 -2.114 -0.221 -0.063  0.748  0.159   0.4663059951
 310 -0.299 -2.114 -0.219 -0.063  0.748  0.159   0.4662817129
 311 -0.299 -2.114 -0.212 -0.063  0.748  0.159   0.4662259405
 314 -0.299 -2.114 -0.210 -0.063  0.748  0.159   0.4662242163
 327 -0.299 -2.114 -0.210 -0.057  0.748  0.159   0.4662075754
 331 -0.299 -2.114 -0.210 -0.056  0.748  0.159   0.4662069528
 342 -0.299 -2.114 -0.210 -0.056  0.752  0.159   0.4661954716
 352 -0.302 -2.113 -0.212 -0.056  0.755  0.158   0.4661892535
 353 -0.302 -2.113 -0.212 -0.056  0.754  0.158   0.4661890290
 355 -0.302 -2.113 -0.212 -0.056  0.754  0.158   0.4661889431
 357 -0.302 -2.113 -0.212 -0.056  0.754  0.158   0.4661888736
 359 -0.302 -2.113 -0.212 -0.056  0.754  0.158   0.4661886747
  powell nthiter 4: fret = 0.466189
 370 -0.301 -2.108 -0.211 -0.056  0.753  0.157   0.4661657700
 382 -0.301 -2.108 -0.211 -0.056  0.753  0.154   0.4661570086
 394 -0.301 -2.108 -0.210 -0.056  0.753  0.154   0.4661550441
 407 -0.301 -2.108 -0.210 -0.054  0.753  0.154   0.4661549070
 418 -0.301 -2.108 -0.210 -0.054  0.754  0.154   0.4661540617
 419 -0.301 -2.108 -0.210 -0.054  0.755  0.154   0.4661537107
 428 -0.303 -2.107 -0.211 -0.054  0.756  0.153   0.4661487031
 429 -0.304 -2.107 -0.211 -0.054  0.756  0.153   0.4661485268
 430 -0.304 -2.107 -0.211 -0.054  0.756  0.153   0.4661482388
 433 -0.304 -2.107 -0.211 -0.053  0.757  0.153   0.4661474029
Powell done niters = 4
Computing relative cost
 0  -25.0 -25.0 -25.0   1.052940
 1  -25.0 -25.0  25.0   0.968160
 2  -25.0  25.0 -25.0   0.985795
 3  -25.0  25.0  25.0   1.012919
 4   25.0 -25.0 -25.0   1.000737
 5   25.0 -25.0  25.0   0.995033
 6   25.0  25.0 -25.0   1.011016
 7   25.0  25.0  25.0   1.048581
REL:  8  0.466147    8.075180  1.009398 rel = 0.461808 
Number of iterations     4
Min cost was 0.466147
Number of FunctionCalls   438
TolPowell 0.000100
nMaxItersPowell 36
OptimizationTime 0.479000 sec
Parameters at optimum (transmm) -0.30429 -2.10680 -0.21138
Parameters at optimum (rotdeg) -0.05346  0.75656  0.15278 
Final costs ----------------
Number of surface hits 2365
WM  Intensity   104.8452 +/-  27.7559
Ctx Intensity   120.4641 +/-  28.1152
Pct Contrast     14.4764 +/-  21.4060
Cost   0.4661
RelCost   0.6967
Reg at min cost was 
 0.99611   0.07637  -0.04386   1.03865;
 0.04190   0.02709   0.99875   8.35018;
 0.07746  -0.99671   0.02379  -0.47029;
 0.00000   0.00000   0.00000   1.00000;

Writing optimal reg to /mnt/datasets/datalad/crawl-misc/hbn-ls/HBN_BIDS-fmriprep_try1/sourcedata/freesurfer/sub-NDARAG610XL4/mri/transforms/tmp.bbregister.22032/bbr.pass1.dat, type = 14 
Original Reg 
 0.99511   0.08959  -0.04151   1.37412;
 0.03916   0.02782   0.99885   10.45358;
 0.09064  -0.99559   0.02418  -0.23103;
 0.00000   0.00000   0.00000   1.00000;

Original Reg - Optimal Reg
-0.00100   0.01323   0.00235   0.33547;
-0.00274   0.00073   0.00009   2.10340;
 0.01318   0.00112   0.00039   0.23926;
 0.00000   0.00000   0.00000   0.00000;

Computing change in lh position
LH rmsDiffMean 2.250299
Computing change in rh position
Surface-RMS-Diff-mm 2.198944 0.083122 2.422108
mri_segreg done
mri_segreg --mov /mnt/datasets/datalad/crawl-misc/hbn-ls/HBN_BIDS-fmriprep_try1/sourcedata/freesurfer/sub-NDARAG610XL4/mri/transforms/tmp.bbregister.22032/template.nii --init-reg /mnt/datasets/datalad/crawl-misc/hbn-ls/HBN_BIDS-fmriprep_try1/sourcedata/freesurfer/sub-NDARAG610XL4/mri/transforms/tmp.bbregister.22032/bbr.pass1.dat --out-reg /mnt/datasets/datalad/crawl-misc/hbn-ls/HBN_BIDS-fmriprep_try1/sourcedata/freesurfer/sub-NDARAG610XL4/mri/transforms/T2raw.auto.dat --interp trilinear --wm-proj-abs 2 --tol 1e-8 --tol1d 1e-3 --c0 0 --mincost /mnt/datasets/datalad/crawl-misc/hbn-ls/HBN_BIDS-fmriprep_try1/sourcedata/freesurfer/sub-NDARAG610XL4/mri/transforms/T2raw.auto.dat.mincost --dof 6 --nmax 36 --param /mnt/datasets/datalad/crawl-misc/hbn-ls/HBN_BIDS-fmriprep_try1/sourcedata/freesurfer/sub-NDARAG610XL4/mri/transforms/T2raw.auto.dat.param --surf white --brute -0.1 0.1 0.1 --cur-reg /mnt/datasets/datalad/crawl-misc/hbn-ls/HBN_BIDS-fmriprep_try1/sourcedata/freesurfer/sub-NDARAG610XL4/mri/transforms/tmp.bbregister.22032/reg.curopt.dat --gm-proj-frac 0.5 --nsub 1 --gm-gt-wm 0.5
$Id: mri_segreg.c,v 1.113 2016/05/10 03:23:20 greve Exp $
setenv SUBJECTS_DIR /mnt/datasets/datalad/crawl-misc/hbn-ls/HBN_BIDS-fmriprep_try1/sourcedata/freesurfer
cd /mnt/datasets/datalad/crawl-misc/hbn-ls/HBN_BIDS-fmriprep_try1/sourcedata/freesurfer/sub-NDARAG610XL4/scripts
mri_segreg --mov /mnt/datasets/datalad/crawl-misc/hbn-ls/HBN_BIDS-fmriprep_try1/sourcedata/freesurfer/sub-NDARAG610XL4/mri/transforms/tmp.bbregister.22032/template.nii --init-reg /mnt/datasets/datalad/crawl-misc/hbn-ls/HBN_BIDS-fmriprep_try1/sourcedata/freesurfer/sub-NDARAG610XL4/mri/transforms/tmp.bbregister.22032/bbr.pass1.dat --out-reg /mnt/datasets/datalad/crawl-misc/hbn-ls/HBN_BIDS-fmriprep_try1/sourcedata/freesurfer/sub-NDARAG610XL4/mri/transforms/T2raw.auto.dat --interp trilinear --wm-proj-abs 2 --tol 1e-8 --tol1d 1e-3 --c0 0 --mincost /mnt/datasets/datalad/crawl-misc/hbn-ls/HBN_BIDS-fmriprep_try1/sourcedata/freesurfer/sub-NDARAG610XL4/mri/transforms/T2raw.auto.dat.mincost --dof 6 --nmax 36 --param /mnt/datasets/datalad/crawl-misc/hbn-ls/HBN_BIDS-fmriprep_try1/sourcedata/freesurfer/sub-NDARAG610XL4/mri/transforms/T2raw.auto.dat.param --surf white --brute -0.1 0.1 0.1 --cur-reg /mnt/datasets/datalad/crawl-misc/hbn-ls/HBN_BIDS-fmriprep_try1/sourcedata/freesurfer/sub-NDARAG610XL4/mri/transforms/tmp.bbregister.22032/reg.curopt.dat --gm-proj-frac 0.5 --nsub 1 --gm-gt-wm 0.5 
sysname  Linux
hostname smaug
machine  x86_64
user     yoh
movvol /mnt/datasets/datalad/crawl-misc/hbn-ls/HBN_BIDS-fmriprep_try1/sourcedata/freesurfer/sub-NDARAG610XL4/mri/transforms/tmp.bbregister.22032/template.nii
regfile /mnt/datasets/datalad/crawl-misc/hbn-ls/HBN_BIDS-fmriprep_try1/sourcedata/freesurfer/sub-NDARAG610XL4/mri/transforms/tmp.bbregister.22032/bbr.pass1.dat
subject sub-NDARAG610XL4
dof 6
outregfile /mnt/datasets/datalad/crawl-misc/hbn-ls/HBN_BIDS-fmriprep_try1/sourcedata/freesurfer/sub-NDARAG610XL4/mri/transforms/T2raw.auto.dat
UseMask 0
UseLH 1
UseRH 1
nsubsamp 1
PenaltySign  -1
PenaltySlope 0.500000
PenaltyCenter 0.000000
surfname white
GMProjFrac 0.500000
WMProjAbs 2.000000
lhcostfile (null)
rhcostfile (null)
interp  trilinear (1)
frame  0
TolPowell 0.000000
nMaxItersPowell 36
n1dmin  3
Profile   0
Gdiag_no  -1
AddNoise  0 (0)
SynthSeed 1639513248
TransRandMax 0.000000
RotRandMax 0.000000
Translations 0.000000 0.000000 0.000000
Rotations   0.000000 0.000000 0.000000
Input reg
 0.99611   0.07637  -0.04386   1.03865;
 0.04190   0.02709   0.99875   8.35018;
 0.07746  -0.99671   0.02379  -0.47029;
 0.00000   0.00000   0.00000   1.00000;

Loading mov
Projecting LH Surfs
Loading lh.white surf
Loading lh.thickness for GM
GM Proj: 1 0.500000 2.000000
WM Proj: 0 0.500000 2.000000
Projecting RH Surfs
Loading rh.white surf
Loading rh.thickness for GM
Projecting RH Surfs
Using lh.cortex.label
Using rh.cortex.label
Computing relative cost
 0  -25.0 -25.0 -25.0   1.024876
 1  -25.0 -25.0  25.0   1.002808
 2  -25.0  25.0 -25.0   1.014550
 3  -25.0  25.0  25.0   1.021862
 4   25.0 -25.0 -25.0   1.015221
 5   25.0 -25.0  25.0   0.996951
 6   25.0  25.0 -25.0   1.015945
 7   25.0  25.0  25.0   1.013932
REL:  8  0.450841    8.106145  1.013268 rel = 0.444938 
Initial costs ----------------
Number of surface hits 236799
WM  Intensity   104.7973 +/-  28.0989
Ctx Intensity   121.0352 +/-  28.0527
Pct Contrast     15.0861 +/-  21.5265
Cost   0.4508
RelCost   0.4449

------------------------------------
Brute force preopt -0.1 0.1 0.1, n = 729
     0  -0.1000  -0.1000  -0.1000  -0.1000  -0.1000  -0.1000      0.4722   0.4722  0.0
     1  -0.1000  -0.1000  -0.1000  -0.1000  -0.1000   0.0000      0.4711   0.4711  0.0
     2  -0.1000  -0.1000  -0.1000  -0.1000  -0.1000   0.1000      0.4679   0.4679  0.0
    82  -0.1000   0.0000  -0.1000  -0.1000  -0.1000   0.0000      0.4671   0.4671  0.0
    83  -0.1000   0.0000  -0.1000  -0.1000  -0.1000   0.1000      0.4651   0.4651  0.0
Brute Force --------------------------
Min cost was 0.465090
Number of iterations   729
Search time 0.783000 sec
Parameters at best (transmm, rotdeg)
 -0.100   0.000  -0.100 -0.100 -0.100  0.100 
--------------------------------------------

Starting Powell Minimization
Init Powel Params dof = 6
0 -0.1
1 0
2 -0.1
3 -0.1
4 -0.1
5 0.1
fs_powell::minimize
  nparams 6
  maxfev 36
  ftol   0.000000
  linmin_xtol_   0.001000
  powell nthiter 0: fret = 0.445755
   9 -0.101  0.000 -0.100 -0.100 -0.100  0.100   0.4457546460
  14 -0.106  0.000 -0.100 -0.100 -0.100  0.100   0.4457543644
  24 -0.106  0.042 -0.100 -0.100 -0.100  0.100   0.4455613215
  26 -0.106  0.041 -0.100 -0.100 -0.100  0.100   0.4455609274
  27 -0.106  0.040 -0.100 -0.100 -0.100  0.100   0.4455607261
  35 -0.106  0.040  0.282 -0.100 -0.100  0.100   0.4443604616
  36 -0.106  0.040  0.121 -0.100 -0.100  0.100   0.4429208313
  37 -0.106  0.040  0.120 -0.100 -0.100  0.100   0.4429187583
  38 -0.106  0.040  0.095 -0.100 -0.100  0.100   0.4428804962
  41 -0.106  0.040  0.093 -0.100 -0.100  0.100   0.4428794231
  42 -0.106  0.040  0.091 -0.100 -0.100  0.100   0.4428786016
  44 -0.106  0.040  0.089 -0.100 -0.100  0.100   0.4428783547
  46 -0.106  0.040  0.088 -0.100 -0.100  0.100   0.4428783372
  51 -0.106  0.040  0.088 -0.718 -0.100  0.100   0.4397403306
  53 -0.106  0.040  0.088 -0.465 -0.100  0.100   0.4366732554
  55 -0.106  0.040  0.088 -0.471 -0.100  0.100   0.4366695881
  58 -0.106  0.040  0.088 -0.472 -0.100  0.100   0.4366695761
  59 -0.106  0.040  0.088 -0.473 -0.100  0.100   0.4366692636
  62 -0.106  0.040  0.088 -0.474 -0.100  0.100   0.4366691187
  69 -0.106  0.040  0.088 -0.474 -0.027  0.100   0.4364878847
  71 -0.106  0.040  0.088 -0.474 -0.031  0.100   0.4364866221
  72 -0.106  0.040  0.088 -0.474 -0.032  0.100   0.4364862632
  80 -0.106  0.040  0.088 -0.474 -0.032  0.482   0.4343339923
  81 -0.106  0.040  0.088 -0.474 -0.032  0.362   0.4336414598
  83 -0.106  0.040  0.088 -0.474 -0.032  0.368   0.4336381182
  86 -0.106  0.040  0.088 -0.474 -0.032  0.370   0.4336380563
  87 -0.106  0.040  0.088 -0.474 -0.032  0.371   0.4336379735
  powell nthiter 1: fret = 0.433638
  95 -0.084  0.040  0.088 -0.474 -0.032  0.371   0.4336164913
  97 -0.077  0.040  0.088 -0.474 -0.032  0.371   0.4336150469
  98 -0.076  0.040  0.088 -0.474 -0.032  0.371   0.4336149214
 100 -0.066  0.040  0.088 -0.474 -0.032  0.371   0.4336143877
 114 -0.066 -0.082  0.088 -0.474 -0.032  0.371   0.4320096920
 116 -0.066 -0.091  0.088 -0.474 -0.032  0.371   0.4320036332
 117 -0.066 -0.090  0.088 -0.474 -0.032  0.371   0.4320035626
 125 -0.066 -0.090  0.165 -0.474 -0.032  0.371   0.4315386312
 126 -0.066 -0.090  0.175 -0.474 -0.032  0.371   0.4315156935
 127 -0.066 -0.090  0.196 -0.474 -0.032  0.371   0.4314990942
 128 -0.066 -0.090  0.194 -0.474 -0.032  0.371   0.4314980739
 129 -0.066 -0.090  0.192 -0.474 -0.032  0.371   0.4314976516
 131 -0.066 -0.090  0.190 -0.474 -0.032  0.371   0.4314976427
 139 -0.066 -0.090  0.190 -0.554 -0.032  0.371   0.4313861555
 140 -0.066 -0.090  0.190 -0.527 -0.032  0.371   0.4313418125
 142 -0.066 -0.090  0.190 -0.528 -0.032  0.371   0.4313417465
 152 -0.066 -0.090  0.190 -0.528 -0.035  0.371   0.4313279900
 153 -0.066 -0.090  0.190 -0.528 -0.095  0.371   0.4311703923
 154 -0.066 -0.090  0.190 -0.528 -0.094  0.371   0.4311688239
 155 -0.066 -0.090  0.190 -0.528 -0.083  0.371   0.4311659674
 157 -0.066 -0.090  0.190 -0.528 -0.087  0.371   0.4311647994
 168 -0.066 -0.090  0.190 -0.528 -0.087  0.373   0.4311645436
 169 -0.066 -0.090  0.190 -0.528 -0.087  0.372   0.4311644923
  powell nthiter 2: fret = 0.431165
 179 -0.069 -0.090  0.190 -0.528 -0.087  0.372   0.4311641985
 180 -0.068 -0.090  0.190 -0.528 -0.087  0.372   0.4311641627
 181 -0.067 -0.090  0.190 -0.528 -0.087  0.372   0.4311641511
 188 -0.067 -0.102  0.190 -0.528 -0.087  0.372   0.4311470275
 190 -0.067 -0.103  0.190 -0.528 -0.087  0.372   0.4311469653
 198 -0.067 -0.103  0.196 -0.528 -0.087  0.372   0.4311436252
 199 -0.067 -0.103  0.198 -0.528 -0.087  0.372   0.4311425915
 201 -0.067 -0.103  0.201 -0.528 -0.087  0.372   0.4311424080
 202 -0.067 -0.103  0.200 -0.528 -0.087  0.372   0.4311423944
 211 -0.067 -0.103  0.199 -0.534 -0.087  0.372   0.4311422977
 212 -0.067 -0.103  0.199 -0.531 -0.087  0.372   0.4311419736
 214 -0.067 -0.103  0.199 -0.530 -0.087  0.372   0.4311419613
 223 -0.067 -0.103  0.199 -0.530 -0.090  0.372   0.4311412065
 224 -0.067 -0.103  0.199 -0.530 -0.091  0.372   0.4311411562
 234 -0.067 -0.103  0.199 -0.530 -0.091  0.370   0.4311409258
 237 -0.067 -0.103  0.199 -0.530 -0.091  0.371   0.4311408853
  powell nthiter 3: fret = 0.431141
 246 -0.074 -0.103  0.199 -0.530 -0.091  0.371   0.4311399274
 247 -0.071 -0.103  0.199 -0.530 -0.091  0.371   0.4311397422
 248 -0.072 -0.103  0.199 -0.530 -0.091  0.371   0.4311396193
 265 -0.072 -0.103  0.201 -0.530 -0.091  0.371   0.4311394820
 266 -0.072 -0.103  0.202 -0.530 -0.091  0.371   0.4311392860
 272 -0.072 -0.103  0.203 -0.530 -0.091  0.371   0.4311392160
 283 -0.072 -0.103  0.203 -0.529 -0.091  0.371   0.4311390064
 303 -0.072 -0.103  0.203 -0.529 -0.091  0.372   0.4311388348
  powell nthiter 4: fret = 0.431139
 315 -0.073 -0.103  0.203 -0.529 -0.091  0.372   0.4311387619
 324 -0.073 -0.102  0.203 -0.529 -0.091  0.372   0.4311387153
 345 -0.073 -0.102  0.203 -0.528 -0.091  0.372   0.4311387012
  powell nthiter 5: fret = 0.431139
Powell done niters = 5
Computing relative cost
 0  -25.0 -25.0 -25.0   1.025072
 1  -25.0 -25.0  25.0   1.004822
 2  -25.0  25.0 -25.0   1.013887
 3  -25.0  25.0  25.0   1.017030
 4   25.0 -25.0 -25.0   1.014739
 5   25.0 -25.0  25.0   0.997642
 6   25.0  25.0 -25.0   1.021271
 7   25.0  25.0  25.0   1.017911
REL:  8  0.431139    8.112372  1.014046 rel = 0.425167 
Number of iterations     5
Min cost was 0.431139
Number of FunctionCalls   425
TolPowell 0.000000
nMaxItersPowell 36
OptimizationTime 26.456000 sec
Parameters at optimum (transmm) -0.07340 -0.10197  0.20301
Parameters at optimum (rotdeg) -0.52824 -0.09003  0.37171 
Final costs ----------------
Number of surface hits 236799
WM  Intensity   104.6378 +/-  28.0666
Ctx Intensity   121.4989 +/-  28.1448
Pct Contrast     15.6228 +/-  21.3904
Cost   0.4311
RelCost   0.4449
Reg at min cost was 
 0.99569   0.07782  -0.05036   0.91195;
 0.04907   0.01841   0.99863   8.25009;
 0.07864  -0.99680   0.01451  -0.34261;
 0.00000   0.00000   0.00000   1.00000;

Writing optimal reg to /mnt/datasets/datalad/crawl-misc/hbn-ls/HBN_BIDS-fmriprep_try1/sourcedata/freesurfer/sub-NDARAG610XL4/mri/transforms/T2raw.auto.dat, type = 14 
Original Reg 
 0.99611   0.07637  -0.04386   1.03865;
 0.04190   0.02709   0.99875   8.35018;
 0.07746  -0.99671   0.02379  -0.47029;
 0.00000   0.00000   0.00000   1.00000;

Original Reg - Optimal Reg
 0.00042  -0.00145   0.00650   0.12670;
-0.00717   0.00868   0.00013   0.10009;
-0.00118   0.00009   0.00928  -0.12768;
 0.00000   0.00000   0.00000   0.00000;

Computing change in lh position
LH rmsDiffMean 0.446032
Computing change in rh position
Surface-RMS-Diff-mm 0.486225 0.162597 0.900390
mri_segreg done
MinCost: 0.431139 104.637754 121.498851 15.622849 
tkregister2_cmdl --mov /mnt/datasets/datalad/crawl-misc/hbn-ls/HBN_BIDS-fmriprep_try1/sourcedata/freesurfer/sub-NDARAG610XL4/mri/orig/T2raw.mgz --reg /mnt/datasets/datalad/crawl-misc/hbn-ls/HBN_BIDS-fmriprep_try1/sourcedata/freesurfer/sub-NDARAG610XL4/mri/transforms/T2raw.auto.dat --noedit --ltaout /mnt/datasets/datalad/crawl-misc/hbn-ls/HBN_BIDS-fmriprep_try1/sourcedata/freesurfer/sub-NDARAG610XL4/mri/transforms/T2raw.auto.lta
tkregister_tcl /opt/freesurfer/tktools/tkregister2.tcl
INFO: no target volume specified, assuming FreeSurfer orig volume.
target  volume orig
movable volume /mnt/datasets/datalad/crawl-misc/hbn-ls/HBN_BIDS-fmriprep_try1/sourcedata/freesurfer/sub-NDARAG610XL4/mri/orig/T2raw.mgz
reg file       /mnt/datasets/datalad/crawl-misc/hbn-ls/HBN_BIDS-fmriprep_try1/sourcedata/freesurfer/sub-NDARAG610XL4/mri/transforms/T2raw.auto.dat
LoadVol        0
ZeroCRAS       0
$Id: tkregister2.c,v 1.132.2.1 2016/08/02 21:17:29 greve Exp $
Diagnostic Level -1
---- Input registration matrix --------
 0.99569   0.07782  -0.05036   0.91195;
 0.04907   0.01841   0.99863   8.25009;
 0.07864  -0.99680   0.01451  -0.34261;
 0.00000   0.00000   0.00000   1.00000;
float2int = 0
---------------------------------------
INFO: loading target /mnt/datasets/datalad/crawl-misc/hbn-ls/HBN_BIDS-fmriprep_try1/sourcedata/freesurfer/sub-NDARAG610XL4/mri/orig.mgz
Ttarg: --------------------
-1.00000   0.00000   0.00000   128.00000;
 0.00000   0.00000   1.00000  -128.00000;
 0.00000  -1.00000   0.00000   128.00000;
 0.00000   0.00000   0.00000   1.00000;
INFO: loading movable /mnt/datasets/datalad/crawl-misc/hbn-ls/HBN_BIDS-fmriprep_try1/sourcedata/freesurfer/sub-NDARAG610XL4/mri/orig/T2raw.mgz
Tmov: --------------------
-1.00000   0.00000   0.00000   88.00025;
 0.00000   0.00000   1.00000  -128.00000;
 0.00000  -1.00000   0.00000   127.99999;
 0.00000   0.00000   0.00000   1.00000;
mkheaderreg = 0, float2int = 0
---- Input registration matrix --------
 0.99569   0.07782  -0.05036   0.91195;
 0.04907   0.01841   0.99863   8.25009;
 0.07864  -0.99680   0.01451  -0.34261;
 0.00000   0.00000   0.00000   1.00000;
Determinant 1
subject = sub-NDARAG610XL4
RegMat ---------------------------
 0.99569   0.07782  -0.05036   0.91195;
 0.04907   0.01841   0.99863   8.25009;
 0.07864  -0.99680   0.01451  -0.34261;
 0.00000   0.00000   0.00000   1.00000;
Cleaning up
 
Started at Sat Dec 11 01:22:39 UTC 2021 
Ended   at Sat Dec 11 01:24:05 UTC 2021
BBR-Run-Time-Sec 86
 
bbregister Done
To check results, run:
tkregisterfv --mov /mnt/datasets/datalad/crawl-misc/hbn-ls/HBN_BIDS-fmriprep_try1/sourcedata/freesurfer/sub-NDARAG610XL4/mri/orig/T2raw.mgz --reg /mnt/datasets/datalad/crawl-misc/hbn-ls/HBN_BIDS-fmriprep_try1/sourcedata/freesurfer/sub-NDARAG610XL4/mri/transforms/T2raw.auto.lta --surfs 
